<?xml version="1.0" encoding="UTF-8" ?>
<testsuite tests="8" failures="0" name="TestRunner" time="0.046" errors="2" skipped="0">
  <properties>
    <property name="idea.version" value="2016.3.3"/>
    <property name="java.runtime.name" value="Java(TM) SE Runtime Environment"/>
    <property name="sun.boot.library.path" value="C:\Program Files (x86)\Java\jdk1.8.0_111\jre\bin"/>
    <property name="java.vm.version" value="25.111-b14"/>
    <property name="java.vm.vendor" value="Oracle Corporation"/>
    <property name="maven.multiModuleProjectDirectory" value="C:\Users\SHRADHA\IdeaProjects\OrangeHM"/>
    <property name="java.vendor.url" value="http://java.oracle.com/"/>
    <property name="path.separator" value=";"/>
    <property name="guice.disable.misplaced.annotation.check" value="true"/>
    <property name="java.vm.name" value="Java HotSpot(TM) Client VM"/>
    <property name="file.encoding.pkg" value="sun.io"/>
    <property name="idea.launcher.port" value="7540"/>
    <property name="user.script" value=""/>
    <property name="user.country" value="GB"/>
    <property name="sun.java.launcher" value="SUN_STANDARD"/>
    <property name="sun.os.patch.level" value=""/>
    <property name="java.vm.specification.name" value="Java Virtual Machine Specification"/>
    <property name="user.dir" value="C:\Users\SHRADHA\IdeaProjects\OrangeHM"/>
    <property name="java.runtime.version" value="1.8.0_111-b14"/>
    <property name="java.awt.graphicsenv" value="sun.awt.Win32GraphicsEnvironment"/>
    <property name="java.endorsed.dirs" value="C:\Program Files (x86)\Java\jdk1.8.0_111\jre\lib\endorsed"/>
    <property name="os.arch" value="x86"/>
    <property name="java.io.tmpdir" value="C:\Users\SHRADHA\AppData\Local\Temp\"/>
    <property name="line.separator" value="
"/>
    <property name="java.vm.specification.vendor" value="Oracle Corporation"/>
    <property name="user.variant" value=""/>
    <property name="os.name" value="Windows 8.1"/>
    <property name="classworlds.conf" value="C:\Users\SHRADHA\AppData\Roaming\JetBrains\IntelliJ IDEA Community Edition 2016.3.3\plugins\maven\lib\maven3\bin\m2.conf"/>
    <property name="sun.jnu.encoding" value="Cp1252"/>
    <property name="java.library.path" value="C:\Program Files (x86)\Java\jdk1.8.0_111\bin;C:\WINDOWS\Sun\Java\bin;C:\WINDOWS\system32;C:\WINDOWS;C:\Program Files (x86)\Java\jdk1.8.0_111\bin;C:\Program Files\apache software foundation\apache-maven-3.3.9-bin\apache-maven-3.3.9\bin;C:\ProgramData\Oracle\Java\javapath;C:\Program Files (x86)\Intel\iCLS Client\;C:\Program Files\Intel\iCLS Client\;C:\WINDOWS\system32;C:\WINDOWS;C:\WINDOWS\System32\Wbem;C:\WINDOWS\System32\WindowsPowerShell\v1.0\;C:\Program Files\Hewlett-Packard\SimplePass\;C:\Program Files (x86)\Windows Live\Shared;C:\Program Files\Intel\Intel(R) Management Engine Components\DAL;C:\Program Files\Intel\Intel(R) Management Engine Components\IPT;C:\Program Files (x86)\Intel\Intel(R) Management Engine Components\DAL;C:\Program Files (x86)\Intel\Intel(R) Management Engine Components\IPT;C:\Program Files (x86)\Skype\Phone;C:\Program Files (x86)\apache software foundation\apache-maven-3.3.9-bin\apache-maven-3.3.9\bin;C:\Program Files\Git\cmd;C:\Program Files (x86)\Skype\Phone\;C:\Program Files\nodejs\;C:\Users\SHRADHA\AppData\Roaming\npm;."/>
    <property name="java.specification.name" value="Java Platform API Specification"/>
    <property name="java.class.version" value="52.0"/>
    <property name="sun.management.compiler" value="HotSpot Client Compiler"/>
    <property name="os.version" value="6.3"/>
    <property name="user.home" value="C:\Users\SHRADHA"/>
    <property name="user.timezone" value="Europe/London"/>
    <property name="java.awt.printerjob" value="sun.awt.windows.WPrinterJob"/>
    <property name="java.specification.version" value="1.8"/>
    <property name="idea.launcher.bin.path" value="C:\Users\SHRADHA\AppData\Roaming\JetBrains\IntelliJ IDEA Community Edition 2016.3.3\bin"/>
    <property name="file.encoding" value="UTF-8"/>
    <property name="user.name" value="SHRADHA"/>
    <property name="java.class.path" value="C:\Users\SHRADHA\AppData\Roaming\JetBrains\IntelliJ IDEA Community Edition 2016.3.3\plugins\maven\lib\maven3\boot\plexus-classworlds-2.5.2.jar;C:\Users\SHRADHA\AppData\Roaming\JetBrains\IntelliJ IDEA Community Edition 2016.3.3\lib\idea_rt.jar"/>
    <property name="java.vm.specification.version" value="1.8"/>
    <property name="sun.arch.data.model" value="32"/>
    <property name="java.home" value="C:\Program Files (x86)\Java\jdk1.8.0_111\jre"/>
    <property name="sun.java.command" value="com.intellij.rt.execution.application.AppMain org.codehaus.classworlds.Launcher -Didea.version=2016.3.3 install"/>
    <property name="java.specification.vendor" value="Oracle Corporation"/>
    <property name="user.language" value="en"/>
    <property name="awt.toolkit" value="sun.awt.windows.WToolkit"/>
    <property name="java.vm.info" value="mixed mode, sharing"/>
    <property name="java.version" value="1.8.0_111"/>
    <property name="java.ext.dirs" value="C:\Program Files (x86)\Java\jdk1.8.0_111\jre\lib\ext;C:\WINDOWS\Sun\Java\lib\ext"/>
    <property name="sun.boot.class.path" value="C:\Program Files (x86)\Java\jdk1.8.0_111\jre\lib\resources.jar;C:\Program Files (x86)\Java\jdk1.8.0_111\jre\lib\rt.jar;C:\Program Files (x86)\Java\jdk1.8.0_111\jre\lib\sunrsasign.jar;C:\Program Files (x86)\Java\jdk1.8.0_111\jre\lib\jsse.jar;C:\Program Files (x86)\Java\jdk1.8.0_111\jre\lib\jce.jar;C:\Program Files (x86)\Java\jdk1.8.0_111\jre\lib\charsets.jar;C:\Program Files (x86)\Java\jdk1.8.0_111\jre\lib\jfr.jar;C:\Program Files (x86)\Java\jdk1.8.0_111\jre\classes"/>
    <property name="java.vendor" value="Oracle Corporation"/>
    <property name="maven.home" value="C:\Users\SHRADHA\AppData\Roaming\JetBrains\IntelliJ IDEA Community Edition 2016.3.3\plugins\maven\lib\maven3"/>
    <property name="file.separator" value="\"/>
    <property name="java.vendor.url.bug" value="http://bugreport.sun.com/bugreport/"/>
    <property name="sun.cpu.endian" value="little"/>
    <property name="sun.io.unicode.encoding" value="UnicodeLittle"/>
    <property name="sun.desktop" value="windows"/>
    <property name="sun.cpu.isalist" value="pentium_pro+mmx pentium_pro pentium+mmx pentium i486 i386 i86"/>
  </properties>
  <testcase classname="Scenario: Admin can add an employee with" name="Given I am in login page" time="0.008"/>
  <testcase classname="Scenario: Admin can add an employee with" name="And I select &quot;Admin&quot; as username" time="0"/>
  <testcase classname="Scenario: Admin can add an employee with" name="And I select as  &quot;HZzzHOIO&quot; as password" time="0"/>
  <testcase classname="Scenario: Admin can add an employee with" name="And I can login successfully" time="0"/>
  <testcase classname="Scenario: Admin can add an employee with" name="When user navigates to pim page" time="0"/>
  <testcase classname="Scenario: Admin can add an employee with" name="Then user navigates to add employee page" time="0"/>
  <testcase classname="Scenario: Admin can add an employee with" name="And user enters details of employee" time="0.018">
    <error message="Element should have been &quot;select&quot; but was &quot;input&quot;
Build info: version: &apos;3.0.0&apos;, revision: &apos;350cf60&apos;, time: &apos;2016-10-13 10:48:57 -0700&apos;
System info: host: &apos;ShilpaLohare&apos;, ip: &apos;172.20.10.2&apos;, os.name: &apos;Windows 8.1&apos;, os.arch: &apos;x86&apos;, os.version: &apos;6.3&apos;, java.version: &apos;1.8.0_111&apos;
Driver info: driver.version: unknown" type="org.openqa.selenium.support.ui.UnexpectedTagNameException">org.openqa.selenium.support.ui.UnexpectedTagNameException: Element should have been &quot;select&quot; but was &quot;input&quot;
Build info: version: &apos;3.0.0&apos;, revision: &apos;350cf60&apos;, time: &apos;2016-10-13 10:48:57 -0700&apos;
System info: host: &apos;ShilpaLohare&apos;, ip: &apos;172.20.10.2&apos;, os.name: &apos;Windows 8.1&apos;, os.arch: &apos;x86&apos;, os.version: &apos;6.3&apos;, java.version: &apos;1.8.0_111&apos;
Driver info: driver.version: unknown
	at org.openqa.selenium.support.ui.Select.&lt;init&gt;(Select.java:47)
	at OrangeHm.PimPage.selectFromList(PimPage.java:78)
	at OrangeHm.PimPage.selectStatus(PimPage.java:102)
	at OrangeHm.stepDefinitions.stepDef.userEntersthedetailsofemployee(stepDef.java:124)
	at ✽.And user enters details of employee(Employee.feature:15)
</error>
  </testcase>
  <testcase classname="Scenario: Admin can add an employee with" name="Scenario: Admin can add an employee with" time="0.02">
    <error message="Element should have been &quot;select&quot; but was &quot;input&quot;
Build info: version: &apos;3.0.0&apos;, revision: &apos;350cf60&apos;, time: &apos;2016-10-13 10:48:57 -0700&apos;
System info: host: &apos;ShilpaLohare&apos;, ip: &apos;172.20.10.2&apos;, os.name: &apos;Windows 8.1&apos;, os.arch: &apos;x86&apos;, os.version: &apos;6.3&apos;, java.version: &apos;1.8.0_111&apos;
Driver info: driver.version: unknown" type="org.openqa.selenium.support.ui.UnexpectedTagNameException">org.openqa.selenium.support.ui.UnexpectedTagNameException: Element should have been &quot;select&quot; but was &quot;input&quot;
Build info: version: &apos;3.0.0&apos;, revision: &apos;350cf60&apos;, time: &apos;2016-10-13 10:48:57 -0700&apos;
System info: host: &apos;ShilpaLohare&apos;, ip: &apos;172.20.10.2&apos;, os.name: &apos;Windows 8.1&apos;, os.arch: &apos;x86&apos;, os.version: &apos;6.3&apos;, java.version: &apos;1.8.0_111&apos;
Driver info: driver.version: unknown
	at org.openqa.selenium.support.ui.Select.&lt;init&gt;(Select.java:47)
	at OrangeHm.PimPage.selectFromList(PimPage.java:78)
	at OrangeHm.PimPage.selectStatus(PimPage.java:102)
	at OrangeHm.stepDefinitions.stepDef.userEntersthedetailsofemployee(stepDef.java:124)
	at ✽.And user enters details of employee(Employee.feature:15)
</error>
  </testcase>
</testsuite>